<?xml version="1.0" encoding="UTF-8"?>
<testng-results ignored="0" total="1" passed="1" failed="0" skipped="0">
  <reporter-output>
  </reporter-output>
  <suite started-at="2026-02-23T19:43:43 IST" name="Default suite" finished-at="2026-02-23T19:43:47 IST" duration-ms="4000">
    <groups>
    </groups>
    <test started-at="2026-02-23T19:43:43 IST" name="Default test" finished-at="2026-02-23T19:43:47 IST" duration-ms="4000">
      <class name="TestNG_Scripts.LoginTestCase">
        <test-method signature="testLogin()[pri:0, instance:TestNG_Scripts.LoginTestCase@49e53c76]" started-at="2026-02-23T19:43:43 IST" name="testLogin" finished-at="2026-02-23T19:43:47 IST" duration-ms="3922" status="PASS">
          <reporter-output>
          </reporter-output>
        </test-method> <!-- testLogin -->
      </class> <!-- TestNG_Scripts.LoginTestCase -->
    </test> <!-- Default test -->
  </suite> <!-- Default suite -->
</testng-results>
