<?xml version="1.0" encoding="UTF-8"?>
<!-- Generated by org.testng.reporters.JUnitReportReporter -->
<testsuite hostname="Asus-Vivobook16" failures="0" tests="4" name="TestNG_Scripts.GroupsDemoTest" time="0.016" errors="0" timestamp="2026-01-28T19:39:47 IST" skipped="0">
  <testcase classname="TestNG_Scripts.GroupsDemoTest" name="VerifyRegisteration" time="0.008"/>
  <testcase classname="TestNG_Scripts.GroupsDemoTest" name="VerifyLogin" time="0.001"/>
  <testcase classname="TestNG_Scripts.GroupsDemoTest" name="HomePage" time="0.003"/>
  <testcase classname="TestNG_Scripts.GroupsDemoTest" name="Payment" time="0.004"/>
</testsuite> <!-- TestNG_Scripts.GroupsDemoTest -->
