<?xml version="1.0" encoding="UTF-8"?>
<!-- Generated by org.testng.reporters.JUnitReportReporter -->
<testsuite hostname="Asus-Vivobook16" failures="0" tests="4" name="TestNG_Scripts.DataProviderDemoTest" time="38.209" errors="0" timestamp="2026-01-28T18:48:15 IST" skipped="0">
  <testcase classname="TestNG_Scripts.DataProviderDemoTest" name="LoginPage" time="5.794"/>
  <testcase classname="TestNG_Scripts.DataProviderDemoTest" name="LoginPage" time="6.328"/>
  <testcase classname="TestNG_Scripts.DataProviderDemoTest" name="LoginPage" time="20.375"/>
  <testcase classname="TestNG_Scripts.DataProviderDemoTest" name="LoginPage" time="5.712"/>
</testsuite> <!-- TestNG_Scripts.DataProviderDemoTest -->
