<?xml version="1.0" encoding="UTF-8"?>
<!-- Generated by org.testng.reporters.JUnitReportReporter -->
<testsuite hostname="Asus-Vivobook16" failures="0" tests="4" name="TestNG_Scripts.AA_PracticeHere" time="0.024" errors="0" timestamp="2026-01-28T19:37:48 IST" skipped="0">
  <testcase classname="TestNG_Scripts.AA_PracticeHere" name="VerifyRegistrationPage" time="0.010"/>
  <testcase classname="TestNG_Scripts.AA_PracticeHere" name="VerifyLogin" time="0.003"/>
  <testcase classname="TestNG_Scripts.AA_PracticeHere" name="VerifyHomePage" time="0.006"/>
  <testcase classname="TestNG_Scripts.AA_PracticeHere" name="VerifyLogout" time="0.005"/>
</testsuite> <!-- TestNG_Scripts.AA_PracticeHere -->
