<?xml version="1.0" encoding="UTF-8"?>
<!-- Generated by org.testng.reporters.JUnitXMLReporter -->
<testsuite ignored="0" hostname="Asus-Vivobook16" failures="0" tests="2" name="Reading browser details from testing xml" time="6.818" errors="0" timestamp="2026-01-27T23:28:31 IST">
  <testcase classname="TestNG_Scripts.Parameters_TestCase" name="lunchAppliction" time="5.397"/>
  <testcase classname="TestNG_Scripts.TestNGListener" name="LaunchApp" time="1.337"/>
</testsuite> <!-- Reading browser details from testing xml -->
